This is pdfTeX, Version 3.1415926-1.40.10 (TeX Live 2009/Debian) (format=pdflatex 2010.7.20)  27 JUL 2010 18:12
entering extended mode
 restricted \write18 enabled.
 %&-line parsing enabled.
**martitracks-manual-1.tex
(./martitracks-manual-1.tex
LaTeX2e <2009/09/24>
Babel <v3.8l> and hyphenation patterns for english, usenglishmax, dumylang, noh
yphenation, loaded.
(/usr/share/texmf-texlive/tex/latex/tufte-latex/tufte-book.cls
Document Class: tufte-book 2009/05/17 v3.0.0 Tufte-book class
Package tufte-book Info: Passing nols to `book' class on input line 13.
(/usr/share/texmf-texlive/tex/latex/base/book.cls
Document Class: book 2007/10/19 v1.4h Standard LaTeX document class
(/usr/share/texmf-texlive/tex/latex/base/bk10.clo
File: bk10.clo 2007/10/19 v1.4h Standard LaTeX file (size option)
)
\c@part=\count79
\c@chapter=\count80
\c@section=\count81
\c@subsection=\count82
\c@subsubsection=\count83
\c@paragraph=\count84
\c@subparagraph=\count85
\c@figure=\count86
\c@table=\count87
\abovecaptionskip=\skip41
\belowcaptionskip=\skip42
\bibindent=\dimen102
)
(/usr/share/texmf-texlive/tex/latex/tufte-latex/tufte-common.sty
Package: tufte-common 2009/05/17 v3.0.0 Common code for the Tufte-LaTeX styles

(/usr/share/texmf-texlive/tex/latex/xifthen/xifthen.sty
Package: xifthen 2009/04/17 v1.3 Extended ifthen features

(/usr/share/texmf-texlive/tex/latex/etex-pkg/etex.sty
Package: etex 1998/03/26 v2.0 eTeX basic definition package (PEB)
\et@xins=\count88
)
(/usr/share/texmf-texlive/tex/latex/tools/calc.sty
Package: calc 2007/08/22 v4.3 Infix arithmetic (KKT,FJ)
\calc@Acount=\count89
\calc@Bcount=\count90
\calc@Adimen=\dimen103
\calc@Bdimen=\dimen104
\calc@Askip=\skip43
\calc@Bskip=\skip44
LaTeX Info: Redefining \setlength on input line 76.
LaTeX Info: Redefining \addtolength on input line 77.
\calc@Ccount=\count91
\calc@Cskip=\skip45
)
(/usr/share/texmf-texlive/tex/latex/base/ifthen.sty
Package: ifthen 2001/05/26 v1.1c Standard LaTeX ifthen package (DPC)
)
(/usr/share/texmf-texlive/tex/latex/ifmtarg/ifmtarg.sty
Package: ifmtarg 2009/09/02 v1.2a check for an empty argument
))
(/usr/share/texmf-texlive/tex/generic/oberdiek/ifpdf.sty
Package: ifpdf 2009/04/10 v2.0 Provides the ifpdf switch (HO)
Package ifpdf Info: pdfTeX in pdf mode detected.
)
(/usr/share/texmf-texlive/tex/generic/ifxetex/ifxetex.sty
Package: ifxetex 2009/01/23 v0.5 Provides ifxetex conditional
)
(/usr/share/texmf-texlive/tex/latex/hyperref/hyperref.sty
Package: hyperref 2009/10/09 v6.79a Hypertext links for LaTeX

(/usr/share/texmf-texlive/tex/latex/graphics/keyval.sty
Package: keyval 1999/03/16 v1.13 key=value parser (DPC)
\KV@toks@=\toks14
)
(/usr/share/texmf-texlive/tex/generic/oberdiek/ifvtex.sty
Package: ifvtex 2008/11/04 v1.4 Switches for detecting VTeX and its modes (HO)
Package ifvtex Info: VTeX not detected.
)
(/usr/share/texmf-texlive/tex/latex/oberdiek/hycolor.sty
Package: hycolor 2009/10/02 v1.5 Code for color options of hyperref/bookmark (H
O)

(/usr/share/texmf-texlive/tex/latex/oberdiek/xcolor-patch.sty
Package: xcolor-patch 2009/10/02 xcolor patch
))
\@linkdim=\dimen105
\Hy@linkcounter=\count92
\Hy@pagecounter=\count93

(/usr/share/texmf-texlive/tex/latex/hyperref/pd1enc.def
File: pd1enc.def 2009/10/09 v6.79a Hyperref: PDFDocEncoding definition (HO)
)
(/usr/share/texmf-texlive/tex/generic/oberdiek/etexcmds.sty
Package: etexcmds 2007/12/12 v1.2 Prefix for e-TeX command names (HO)

(/usr/share/texmf-texlive/tex/generic/oberdiek/infwarerr.sty
Package: infwarerr 2007/09/09 v1.2 Providing info/warning/message (HO)
)
Package etexcmds Info: Could not find \expanded.
(etexcmds)             That can mean that you are not using pdfTeX 1.50 or
(etexcmds)             that some package has redefined \expanded.
(etexcmds)             In the latter case, load this package earlier.
)
(/usr/share/texmf-texlive/tex/latex/latexconfig/hyperref.cfg
File: hyperref.cfg 2002/06/06 v1.2 hyperref configuration of TeXLive
)
(/usr/share/texmf-texlive/tex/latex/oberdiek/kvoptions.sty
Package: kvoptions 2009/08/13 v3.4 Keyval support for LaTeX options (HO)

(/usr/share/texmf-texlive/tex/generic/oberdiek/kvsetkeys.sty
Package: kvsetkeys 2009/07/30 v1.5 Key value parser with default handler suppor
t (HO)
))
Package hyperref Info: Option `hyperfootnotes' set `false' on input line 2864.
Package hyperref Info: Hyper figures OFF on input line 2975.
Package hyperref Info: Link nesting OFF on input line 2980.
Package hyperref Info: Hyper index ON on input line 2983.
Package hyperref Info: Plain pages OFF on input line 2990.
Package hyperref Info: Backreferencing OFF on input line 2995.

Implicit mode ON; LaTeX internals redefined
Package hyperref Info: Bookmarks ON on input line 3191.
(/usr/share/texmf-texlive/tex/latex/ltxmisc/url.sty
\Urlmuskip=\muskip10
Package: url 2006/04/12  ver 3.3  Verb mode for urls, etc.
)
LaTeX Info: Redefining \url on input line 3428.

(/usr/share/texmf-texlive/tex/generic/oberdiek/bitset.sty
Package: bitset 2007/09/28 v1.0 Data type bit set (HO)

(/usr/share/texmf-texlive/tex/generic/oberdiek/intcalc.sty
Package: intcalc 2007/09/27 v1.1 Expandable integer calculations (HO)
)
(/usr/share/texmf-texlive/tex/generic/oberdiek/bigintcalc.sty
Package: bigintcalc 2007/11/11 v1.1 Expandable big integer calculations (HO)

(/usr/share/texmf-texlive/tex/generic/oberdiek/pdftexcmds.sty
Package: pdftexcmds 2009/09/23 v0.6 LuaTeX support for pdfTeX utility functions
 (HO)

(/usr/share/texmf-texlive/tex/generic/oberdiek/ifluatex.sty
Package: ifluatex 2009/04/17 v1.2 Provides the ifluatex switch (HO)
Package ifluatex Info: LuaTeX not detected.
)
(/usr/share/texmf-texlive/tex/generic/oberdiek/ltxcmds.sty
Package: ltxcmds 2009/08/05 v1.0 Some LaTeX kernel commands for general use (HO
)
)
Package pdftexcmds Info: LuaTeX not detected.
Package pdftexcmds Info: \pdf@primitive is available.
Package pdftexcmds Info: \pdf@ifprimitive is available.
)))
\Fld@menulength=\count94
\Field@Width=\dimen106
\Fld@charsize=\dimen107
\Field@toks=\toks15
Package hyperref Info: Hyper figures OFF on input line 4377.
Package hyperref Info: Link nesting OFF on input line 4382.
Package hyperref Info: Hyper index ON on input line 4385.
Package hyperref Info: backreferencing OFF on input line 4392.
Package hyperref Info: Link coloring OFF on input line 4397.
Package hyperref Info: Link coloring with OCG OFF on input line 4402.
Package hyperref Info: PDF/A mode OFF on input line 4407.

(/usr/share/texmf-texlive/tex/generic/oberdiek/atbegshi.sty
Package: atbegshi 2008/07/31 v1.9 At begin shipout hook (HO)
)
\Hy@abspage=\count95
\c@Item=\count96
)
*hyperref using default driver hpdftex*
(/usr/share/texmf-texlive/tex/latex/hyperref/hpdftex.def
File: hpdftex.def 2009/10/09 v6.79a Hyperref driver for pdfTeX
\Fld@listcount=\count97
)
(/usr/share/texmf-texlive/tex/latex/ms/ragged2e.sty
Package: ragged2e 2009/05/21 v2.1 ragged2e Package (MS)

(/usr/share/texmf-texlive/tex/latex/ms/everysel.sty
Package: everysel 1999/06/08 v1.03 EverySelectfont Package (MS)
)
\CenteringLeftskip=\skip46
\RaggedLeftLeftskip=\skip47
\RaggedRightLeftskip=\skip48
\CenteringRightskip=\skip49
\RaggedLeftRightskip=\skip50
\RaggedRightRightskip=\skip51
\CenteringParfillskip=\skip52
\RaggedLeftParfillskip=\skip53
\RaggedRightParfillskip=\skip54
\JustifyingParfillskip=\skip55
\CenteringParindent=\skip56
\RaggedLeftParindent=\skip57
\RaggedRightParindent=\skip58
\JustifyingParindent=\skip59
)
(/usr/share/texmf-texlive/tex/latex/geometry/geometry.sty
Package: geometry 2008/12/21 v4.2 Page Geometry
\Gm@cnth=\count98
\Gm@cntv=\count99
\c@Gm@tempcnt=\count100
\Gm@bindingoffset=\dimen108
\Gm@wd@mp=\dimen109
\Gm@odd@mp=\dimen110
\Gm@even@mp=\dimen111
\Gm@dimlist=\toks16

(/usr/share/texmf-texlive/tex/xelatex/xetexconfig/geometry.cfg))
Package tufte-book Info: Found changepage.sty on input line 294.

(/usr/share/texmf-texlive/tex/latex/changepage/changepage.sty
Package: changepage 2009/10/20 v1.0c check page and change page layout
\c@cp@cntr=\count101
\cp@tempcnt=\count102
)
\@tufte@overhang=\skip60
\@tufte@fullwidth=\skip61
\@tufte@caption@fill=\skip62

(/usr/share/texmf-texlive/tex/latex/paralist/paralist.sty
Package: paralist 2002/03/18 v2.3b Extended list environments (BS)
\pltopsep=\skip63
\plpartopsep=\skip64
\plitemsep=\skip65
\plparsep=\skip66
\pl@lab=\toks17
)
(/usr/share/texmf-texlive/tex/latex/textcase/textcase.sty
Package: textcase 2004/10/07 v0.07 Text only upper/lower case changing (DPC)
)
Package tufte-book Info: ifpdf = true on input line 451.
Package tufte-book Info: ifxetex = false on input line 455.

(/usr/share/texmf-texlive/tex/latex/setspace/setspace.sty
Package: setspace 2000/12/01 6.7 Contributed and Supported LaTeX2e package

Package: `setspace' 6.7 <2000/12/01>
) (/usr/share/texmf-texlive/tex/latex/natbib/natbib.sty
Package: natbib 2009/07/16 8.31 (PWD, AO)
\bibhang=\skip67
\bibsep=\skip68
LaTeX Info: Redefining \cite on input line 694.
\c@NAT@ctr=\count103
)
(/usr/share/texmf-texlive/tex/latex/natbib/bibentry.sty
Package: bibentry 2007/10/30 1.5 (PWD)
)
(./martitracks-manual-1.bbl)
\c@@tufte@num@bibkeys=\count104

(/usr/share/texmf-texlive/tex/latex/sauerj/optparams.sty
Package: optparams 2004/08/14 v0.9 multiple optional parameters in macros
)
(/usr/share/texmf-texlive/tex/latex/placeins/placeins.sty
Package: placeins 2005/04/18  v 2.2
)
\@tufte@margin@floatbox=\box26
\@tufte@figure@box=\box27
\@tufte@caption@box=\box28

(/usr/share/texmf-texlive/tex/latex/psnfss/mathpazo.sty
Package: mathpazo 2005/04/12 PSNFSS-v9.2a Palatino w/ Pazo Math (D.Puga, WaS) 
\symupright=\mathgroup4
)
(/usr/share/texmf-texlive/tex/latex/psnfss/helvet.sty
Package: helvet 2005/04/12 PSNFSS-v9.2a (WaS) 
)
(/usr/share/texmf-texlive/tex/latex/base/fontenc.sty
Package: fontenc 2005/09/27 v1.99g Standard LaTeX package

(/usr/share/texmf-texlive/tex/latex/base/t1enc.def
File: t1enc.def 2005/09/27 v1.99g Standard LaTeX file
LaTeX Font Info:    Redeclaring font encoding T1 on input line 43.
))
(/usr/share/texmf-texlive/tex/latex/base/textcomp.sty
Package: textcomp 2005/09/27 v1.99g Standard LaTeX package
Package textcomp Info: Sub-encoding information:
(textcomp)               5 = only ISO-Adobe without \textcurrency
(textcomp)               4 = 5 + \texteuro
(textcomp)               3 = 4 + \textohm
(textcomp)               2 = 3 + \textestimated + \textcurrency
(textcomp)               1 = TS1 - \textcircled - \t
(textcomp)               0 = TS1 (full)
(textcomp)             Font families with sub-encoding setting implement
(textcomp)             only a restricted character set as indicated.
(textcomp)             Family '?' is the default used for unknown fonts.
(textcomp)             See the documentation for details.
Package textcomp Info: Setting ? sub-encoding to TS1/1 on input line 71.

(/usr/share/texmf-texlive/tex/latex/base/ts1enc.def
File: ts1enc.def 2001/06/05 v3.0e (jk/car/fm) Standard LaTeX file
)
LaTeX Info: Redefining \oldstylenums on input line 266.
Package textcomp Info: Setting cmr sub-encoding to TS1/0 on input line 281.
Package textcomp Info: Setting cmss sub-encoding to TS1/0 on input line 282.
Package textcomp Info: Setting cmtt sub-encoding to TS1/0 on input line 283.
Package textcomp Info: Setting cmvtt sub-encoding to TS1/0 on input line 284.
Package textcomp Info: Setting cmbr sub-encoding to TS1/0 on input line 285.
Package textcomp Info: Setting cmtl sub-encoding to TS1/0 on input line 286.
Package textcomp Info: Setting ccr sub-encoding to TS1/0 on input line 287.
Package textcomp Info: Setting ptm sub-encoding to TS1/4 on input line 288.
Package textcomp Info: Setting pcr sub-encoding to TS1/4 on input line 289.
Package textcomp Info: Setting phv sub-encoding to TS1/4 on input line 290.
Package textcomp Info: Setting ppl sub-encoding to TS1/3 on input line 291.
Package textcomp Info: Setting pag sub-encoding to TS1/4 on input line 292.
Package textcomp Info: Setting pbk sub-encoding to TS1/4 on input line 293.
Package textcomp Info: Setting pnc sub-encoding to TS1/4 on input line 294.
Package textcomp Info: Setting pzc sub-encoding to TS1/4 on input line 295.
Package textcomp Info: Setting bch sub-encoding to TS1/4 on input line 296.
Package textcomp Info: Setting put sub-encoding to TS1/5 on input line 297.
Package textcomp Info: Setting uag sub-encoding to TS1/5 on input line 298.
Package textcomp Info: Setting ugq sub-encoding to TS1/5 on input line 299.
Package textcomp Info: Setting ul8 sub-encoding to TS1/4 on input line 300.
Package textcomp Info: Setting ul9 sub-encoding to TS1/4 on input line 301.
Package textcomp Info: Setting augie sub-encoding to TS1/5 on input line 302.
Package textcomp Info: Setting dayrom sub-encoding to TS1/3 on input line 303.
Package textcomp Info: Setting dayroms sub-encoding to TS1/3 on input line 304.

Package textcomp Info: Setting pxr sub-encoding to TS1/0 on input line 305.
Package textcomp Info: Setting pxss sub-encoding to TS1/0 on input line 306.
Package textcomp Info: Setting pxtt sub-encoding to TS1/0 on input line 307.
Package textcomp Info: Setting txr sub-encoding to TS1/0 on input line 308.
Package textcomp Info: Setting txss sub-encoding to TS1/0 on input line 309.
Package textcomp Info: Setting txtt sub-encoding to TS1/0 on input line 310.
Package textcomp Info: Setting futs sub-encoding to TS1/4 on input line 311.
Package textcomp Info: Setting futx sub-encoding to TS1/4 on input line 312.
Package textcomp Info: Setting futj sub-encoding to TS1/4 on input line 313.
Package textcomp Info: Setting hlh sub-encoding to TS1/3 on input line 314.
Package textcomp Info: Setting hls sub-encoding to TS1/3 on input line 315.
Package textcomp Info: Setting hlst sub-encoding to TS1/3 on input line 316.
Package textcomp Info: Setting hlct sub-encoding to TS1/5 on input line 317.
Package textcomp Info: Setting hlx sub-encoding to TS1/5 on input line 318.
Package textcomp Info: Setting hlce sub-encoding to TS1/5 on input line 319.
Package textcomp Info: Setting hlcn sub-encoding to TS1/5 on input line 320.
Package textcomp Info: Setting hlcw sub-encoding to TS1/5 on input line 321.
Package textcomp Info: Setting hlcf sub-encoding to TS1/5 on input line 322.
Package textcomp Info: Setting pplx sub-encoding to TS1/3 on input line 323.
Package textcomp Info: Setting pplj sub-encoding to TS1/3 on input line 324.
Package textcomp Info: Setting ptmx sub-encoding to TS1/4 on input line 325.
Package textcomp Info: Setting ptmj sub-encoding to TS1/4 on input line 326.
)
(/usr/share/texmf-texlive/tex/latex/fancyhdr/fancyhdr.sty
\fancy@headwidth=\skip69
\f@ncyO@elh=\skip70
\f@ncyO@erh=\skip71
\f@ncyO@olh=\skip72
\f@ncyO@orh=\skip73
\f@ncyO@elf=\skip74
\f@ncyO@erf=\skip75
\f@ncyO@olf=\skip76
\f@ncyO@orf=\skip77
)
(/usr/share/texmf/tex/latex/xcolor/xcolor.sty
Package: xcolor 2007/01/21 v2.11 LaTeX color extensions (UK)

(/etc/texmf/tex/latex/config/color.cfg
File: color.cfg 2007/01/18 v1.5 color configuration of teTeX/TeXLive
)
Package xcolor Info: Package option `usenames' ignored on input line 216.
Package xcolor Info: Driver file: pdftex.def on input line 225.

(/usr/share/texmf-texlive/tex/latex/pdftex-def/pdftex.def
File: pdftex.def 2009/08/25 v0.04m Graphics/color for pdfTeX
\Gread@gobject=\count105
)
Package xcolor Info: Model `cmy' substituted by `cmy0' on input line 1337.
Package xcolor Info: Model `hsb' substituted by `rgb' on input line 1341.
Package xcolor Info: Model `RGB' extended on input line 1353.
Package xcolor Info: Model `HTML' substituted by `rgb' on input line 1355.
Package xcolor Info: Model `Hsb' substituted by `hsb' on input line 1356.
Package xcolor Info: Model `tHsb' substituted by `hsb' on input line 1357.
Package xcolor Info: Model `HSB' substituted by `hsb' on input line 1358.
Package xcolor Info: Model `Gray' substituted by `gray' on input line 1359.
Package xcolor Info: Model `wave' substituted by `hsb' on input line 1360.

(/usr/share/texmf-texlive/tex/latex/graphics/dvipsnam.def
File: dvipsnam.def 1999/02/16 v3.0i Driver-dependant file (DPC,SPQR)
)
(/usr/share/texmf/tex/latex/xcolor/svgnam.def
File: svgnam.def 2007/01/21 v2.11 Predefined colors according to SVG 1.1 (UK)
))
(/usr/share/texmf-texlive/tex/latex/titlesec/titlesec.sty
Package: titlesec 2007/08/12 v2.8 Sectioning titles
\ttl@box=\box29
\beforetitleunit=\skip78
\aftertitleunit=\skip79
\ttl@plus=\dimen112
\ttl@minus=\dimen113
\ttl@toksa=\toks18
\titlewidth=\dimen114
\titlewidthlast=\dimen115
\titlewidthfirst=\dimen116
)
(/usr/share/texmf-texlive/tex/latex/titlesec/titletoc.sty
Package: titletoc 2007/08/12 v1.6 TOC entries
\ttl@leftsep=\dimen117
)
\langwohyphens=\language4

(/usr/share/texmf-texlive/tex/latex/tools/multicol.sty
Package: multicol 2008/12/05 v1.6h multicolumn formatting (FMi)
\c@tracingmulticols=\count106
\mult@box=\box30
\multicol@leftmargin=\dimen118
\c@unbalance=\count107
\c@collectmore=\count108
\doublecol@number=\count109
\multicoltolerance=\count110
\multicolpretolerance=\count111
\full@width=\dimen119
\page@free=\dimen120
\premulticols=\dimen121
\postmulticols=\dimen122
\multicolsep=\skip80
\multicolbaselineskip=\skip81
\partial@page=\box31
\last@line=\box32
\mult@rightbox=\box33
\mult@grightbox=\box34
\mult@gfirstbox=\box35
\mult@firstbox=\box36
\@tempa=\box37
\@tempa=\box38
\@tempa=\box39
\@tempa=\box40
\@tempa=\box41
\@tempa=\box42
\@tempa=\box43
\@tempa=\box44
\@tempa=\box45
\@tempa=\box46
\@tempa=\box47
\@tempa=\box48
\@tempa=\box49
\@tempa=\box50
\@tempa=\box51
\@tempa=\box52
\@tempa=\box53
\c@columnbadness=\count112
\c@finalcolumnbadness=\count113
\last@try=\dimen123
\multicolovershoot=\dimen124
\multicolundershoot=\dimen125
\mult@nat@firstbox=\box54
\colbreak@box=\box55
)))
Package hyperref Info: Option `colorlinks' set `true' on input line 2.
 (./drme.sty)
(./preamble-tufte.tex (/usr/share/texmf-texlive/tex/latex/lipsum/lipsum.sty
Package: lipsum 2005/01/26 v1.0 150 paragraphs of Lorem Ipsum dummy text
File: lipsum.dtx 2005/01/26 v1.0 150 paragraphs of Lorem Ipsum dummy text
\c@lips@count=\count114
)
(/usr/share/texmf-texlive/tex/latex/booktabs/booktabs.sty
Package: booktabs 2005/04/14 v1.61803 publication quality tables
\heavyrulewidth=\dimen126
\lightrulewidth=\dimen127
\cmidrulewidth=\dimen128
\belowrulesep=\dimen129
\belowbottomsep=\dimen130
\aboverulesep=\dimen131
\abovetopsep=\dimen132
\cmidrulesep=\dimen133
\cmidrulekern=\dimen134
\defaultaddspace=\dimen135
\@cmidla=\count115
\@cmidlb=\count116
\@aboverulesep=\dimen136
\@belowrulesep=\dimen137
\@thisruleclass=\count117
\@lastruleclass=\count118
\@thisrulewidth=\dimen138
)
(/usr/share/texmf-texlive/tex/latex/graphics/graphicx.sty
Package: graphicx 1999/02/16 v1.0f Enhanced LaTeX Graphics (DPC,SPQR)

(/usr/share/texmf-texlive/tex/latex/graphics/graphics.sty
Package: graphics 2009/02/05 v1.0o Standard LaTeX Graphics (DPC,SPQR)

(/usr/share/texmf-texlive/tex/latex/graphics/trig.sty
Package: trig 1999/03/16 v1.09 sin cos tan (DPC)
)
(/etc/texmf/tex/latex/config/graphics.cfg
File: graphics.cfg 2009/08/28 v1.8 graphics configuration of TeX Live
)
Package graphics Info: Driver file: pdftex.def on input line 91.
)
\Gin@req@height=\dimen139
\Gin@req@width=\dimen140
)
(/usr/share/texmf-texlive/tex/latex/fancyvrb/fancyvrb.sty
Package: fancyvrb 2008/02/07

Style option: `fancyvrb' v2.7a, with DG/SPQR fixes, and firstline=lastline fix 
<2008/02/07> (tvz)
\FV@CodeLineNo=\count119
\FV@InFile=\read1
\FV@TabBox=\box56
\c@FancyVerbLine=\count120
\FV@StepNumber=\count121
\FV@OutFile=\write3
) (/usr/share/texmf-texlive/tex/latex/tools/xspace.sty
Package: xspace 2006/05/08 v1.12 Space after command names (DPC,MH)
)
(/usr/share/texmf-texlive/tex/latex/units/units.sty
Package: units 1998/08/04 v0.9b Typesetting units

(/usr/share/texmf-texlive/tex/latex/units/nicefrac.sty
Package: nicefrac 1998/08/04 v0.9b Nice fractions
\L@UnitsRaiseDisplaystyle=\skip82
\L@UnitsRaiseTextstyle=\skip83
\L@UnitsRaiseScriptstyle=\skip84
)))
(/usr/share/texmf-texlive/tex/latex/base/makeidx.sty
Package: makeidx 2000/03/29 v1.0m Standard LaTeX package
)
\@indexfile=\write4
\openout4 = `martitracks-manual-1.idx'.


Writing index file martitracks-manual-1.idx
(./martitracks-manual-1.aux)
\openout1 = `martitracks-manual-1.aux'.

LaTeX Font Info:    Checking defaults for OML/cmm/m/it on input line 29.
LaTeX Font Info:    ... okay on input line 29.
LaTeX Font Info:    Checking defaults for T1/cmr/m/n on input line 29.
LaTeX Font Info:    ... okay on input line 29.
LaTeX Font Info:    Checking defaults for OT1/cmr/m/n on input line 29.
LaTeX Font Info:    ... okay on input line 29.
LaTeX Font Info:    Checking defaults for OMS/cmsy/m/n on input line 29.
LaTeX Font Info:    ... okay on input line 29.
LaTeX Font Info:    Checking defaults for OMX/cmex/m/n on input line 29.
LaTeX Font Info:    ... okay on input line 29.
LaTeX Font Info:    Checking defaults for U/cmr/m/n on input line 29.
LaTeX Font Info:    ... okay on input line 29.
LaTeX Font Info:    Checking defaults for PD1/pdf/m/n on input line 29.
LaTeX Font Info:    ... okay on input line 29.
LaTeX Font Info:    Checking defaults for TS1/cmr/m/n on input line 29.
LaTeX Font Info:    Try loading font information for TS1+cmr on input line 29.
 (/usr/share/texmf-texlive/tex/latex/base/ts1cmr.fd
File: ts1cmr.fd 1999/05/25 v2.5h Standard LaTeX font definitions
)
LaTeX Font Info:    ... okay on input line 29.
LaTeX Font Info:    Try loading font information for T1+pplj on input line 29.
 (/usr/share/texmf-texlive/tex/latex/psnfss/t1pplj.fd
File: t1pplj.fd 2004/09/06 font definitions for T1/pplj.
)
Package hyperref Info: Link coloring ON on input line 29.

(/usr/share/texmf-texlive/tex/latex/hyperref/nameref.sty
Package: nameref 2007/05/29 v2.31 Cross-referencing by name of section

(/usr/share/texmf-texlive/tex/latex/oberdiek/refcount.sty
Package: refcount 2008/08/11 v3.1 Data extraction from references (HO)
)
\c@section@level=\count122
)
LaTeX Info: Redefining \ref on input line 29.
LaTeX Info: Redefining \pageref on input line 29.

(./martitracks-manual-1.out) (./martitracks-manual-1.out)
\@outlinefile=\write5
\openout5 = `martitracks-manual-1.out'.

\AtBeginShipoutBox=\box57
LaTeX Info: Redefining \selectfont on input line 29.

*geometry auto-detecting driver*
*geometry detected driver: pdftex*
-------------------- Geometry parameters
paper: letterpaper
landscape: --
twocolumn: --
twoside: true
asymmetric: true
h-parts: 72.26999pt, 312.0pt, 230.02501pt
v-parts: 72.26999pt, 616.0pt, 106.7pt
hmarginratio: --
vmarginratio: --
lines: --
heightrounded: --
bindingoffset: 0.0pt
truedimen: --
includehead: --
includefoot: --
includemp: --
driver: pdftex
-------------------- Page layout dimensions and switches
\paperwidth  614.295pt
\paperheight 794.96999pt
\textwidth  312.0pt
\textheight 616.0pt
\oddsidemargin  0.0pt
\evensidemargin 0.0pt
\topmargin  -42.0pt
\headheight 14.0pt
\headsep    28.0pt
\footskip   25.29494pt
\marginparwidth 144.0pt
\marginparsep   24.0pt
\columnsep  10.0pt
\skip\footins  9.0pt plus 4.0pt minus 2.0pt
\hoffset 0.0pt
\voffset 0.0pt
\mag 1000
\@twosidetrue 
(1in=72.27pt, 1cm=28.45pt)
-----------------------
\big@size=\dimen141
(/usr/share/texmf/tex/context/base/supp-pdf.mkii
[Loading MPS to PDF converter (version 2006.09.02).]
\scratchcounter=\count123
\scratchdimen=\dimen142
\scratchbox=\box58
\nofMPsegments=\count124
\nofMParguments=\count125
\everyMPshowfont=\toks19
\MPscratchCnt=\count126
\MPscratchDim=\dimen143
\MPnumerator=\count127
\everyMPtoPDFconversion=\toks20
)
LaTeX Font Info:    Try loading font information for T1+phv on input line 56.
 (/usr/share/texmf-texlive/tex/latex/psnfss/t1phv.fd
File: t1phv.fd 2001/06/04 scalable font definitions for T1/phv.
)
LaTeX Font Info:    Font shape `T1/phv/m/n' will be
(Font)              scaled to size 8.99994pt on input line 56.
LaTeX Font Info:    Font shape `T1/phv/m/n' will be
(Font)              scaled to size 16.19989pt on input line 56.
LaTeX Font Info:    Font shape `T1/phv/m/n' will be
(Font)              scaled to size 32.39978pt on input line 56.
LaTeX Font Info:    Font shape `T1/phv/m/n' will be
(Font)              scaled to size 12.59991pt on input line 56.
 [1



{/var/lib/texmf/fonts/map/pdftex/updmap/pdftex.map}] (./copyleft.tex
LaTeX Font Info:    Try loading font information for TS1+pplj on input line 7.

(/usr/share/texmf-texlive/tex/latex/psnfss/ts1pplj.fd
File: ts1pplj.fd 2004/09/06 font definitions for TS1/pplj.
)
LaTeX Font Info:    Try loading font information for OT1+pplx on input line 12.


(/usr/share/texmf-texlive/tex/latex/psnfss/ot1pplx.fd
File: ot1pplx.fd 2004/09/06 font definitions for OT1/pplx.
)
LaTeX Font Info:    Try loading font information for OML+zplm on input line 12.


(/usr/share/texmf-texlive/tex/latex/psnfss/omlzplm.fd
File: omlzplm.fd 2002/09/08 Fontinst v1.914 font definitions for OML/zplm.
)
LaTeX Font Info:    Try loading font information for OMS+zplm on input line 12.


(/usr/share/texmf-texlive/tex/latex/psnfss/omszplm.fd
File: omszplm.fd 2002/09/08 Fontinst v1.914 font definitions for OMS/zplm.
)
LaTeX Font Info:    Try loading font information for OMX+zplm on input line 12.


(/usr/share/texmf-texlive/tex/latex/psnfss/omxzplm.fd
File: omxzplm.fd 2002/09/08 Fontinst v1.914 font definitions for OMX/zplm.
)
LaTeX Font Info:    Try loading font information for OT1+zplm on input line 12.


(/usr/share/texmf-texlive/tex/latex/psnfss/ot1zplm.fd
File: ot1zplm.fd 2002/09/08 Fontinst v1.914 font definitions for OT1/zplm.
)
LaTeX Font Info:    Try loading font information for T1+cmtt on input line 12.

(/usr/share/texmf-texlive/tex/latex/base/t1cmtt.fd
File: t1cmtt.fd 1999/05/25 v2.5h Standard LaTeX font definitions
))
LaTeX Font Info:    Font shape `T1/phv/m/n' will be
(Font)              scaled to size 9.85492pt on input line 63.
 [2

]
(./martitracks-manual-1.toc)
\tf@toc=\write6
\openout6 = `martitracks-manual-1.toc'.

 [3

] [4

] (./martitracks-manual-1.lof)
\tf@lof=\write7
\openout7 = `martitracks-manual-1.lof'.

 [5] [6

]
(./martitracks-manual-1.lot)
\tf@lot=\write8
\openout8 = `martitracks-manual-1.lot'.

 [7] [8

] [9] [10

] (./forewords.tex) [11] [12

]
(./intro.tex

Package hyperref Warning: The anchor of a bookmark and its parent's must not
(hyperref)                be the same. Added a new anchor on input line 2.

LaTeX Font Info:    Font shape `T1/pplj/bx/n' in size <10> not available
(Font)              Font shape `T1/pplj/b/n' tried instead on input line 7.

Package natbib Warning: Citation `Craw1989a' on page 13 undefined on input line
 7.


Package natbib Warning: Citation `croizat1952' on page 13 undefined on input li
ne 8.


Package natbib Warning: Citation `Croizat1958' on page 13 undefined on input li
ne 8.


Package natbib Warning: Citation `croizat1952' on page 13 undefined on input li
ne 14.


Package natbib Warning: Citation `Croizat1958' on page 13 undefined on input li
ne 14.


Package natbib Warning: Citation `Croizat1964' on page 13 undefined on input li
ne 15.


Package natbib Warning: Citation `MorroneCrisci1995' on page 13 undefined on in
put line 19.


Package natbib Warning: Citation `Morrone2000' on page 13 undefined on input li
ne 19.


Package natbib Warning: Citation `Craw1987' on page 13 undefined on input line 
23.


Package natbib Warning: Citation `Craw1989b' on page 13 undefined on input line
 25.


Package natbib Warning: Citation `Crawetal1999' on page 13 undefined on input l
ine 25.


Package natbib Warning: Citation `Grehan1988a' on page 13 undefined on input li
ne 34.


Package natbib Warning: Citation `Michaux1989' on page 13 undefined on input li
ne 34.


Package natbib Warning: Citation `Crawetal1999' on page 13 undefined on input l
ine 34.


Package natbib Warning: Citation `CrisciMorrone1992a' on page 13 undefined on i
nput line 34.

[13

]

Package natbib Warning: Citation `Crawetal1999' on page 14 undefined on input l
ine 39.


Package natbib Warning: Citation `Grehan1994' on page 14 undefined on input lin
e 39.


Package natbib Warning: Citation `Grehan2001a' on page 14 undefined on input li
ne 39.


Package natbib Warning: Citation `Crawetal1999' on page 14 undefined on input l
ine 42.


Package natbib Warning: Citation `CrisciMorrone1992a' on page 14 undefined on i
nput line 66.


Package natbib Warning: Citation `Crawetal1999' on page 14 undefined on input l
ine 66.


Package natbib Warning: Citation `Grehan2001a' on page 14 undefined on input li
ne 66.


Package natbib Warning: Citation `Espinosaetal2002' on page 14 undefined on inp
ut line 66.


Package natbib Warning: Citation `Crawetal1999' on page 14 undefined on input l
ine 75.


Package natbib Warning: Citation `Morrone2004c' on page 14 undefined on input l
ine 75.


Package natbib Warning: Citation `Page1987' on page 14 undefined on input line 
75.


Package natbib Warning: Citation `Michaux1989' on page 14 undefined on input li
ne 79.


Package natbib Warning: Citation `Craw1988' on page 14 undefined on input line 
82.


Package natbib Warning: Citation `Morrone2001a' on page 14 undefined on input l
ine 84.


Package natbib Warning: Citation `Craw1983a' on page 14 undefined on input line
 86.


Package natbib Warning: Citation `Morrone2001a' on page 14 undefined on input l
ine 86.


Package natbib Warning: Citation `Morrone2004c' on page 14 undefined on input l
ine 86.


Underfull \vbox (badness 1509) has occurred while \output is active []

 [14]

Package natbib Warning: Citation `Craw1988b' on page 15 undefined on input line
 91.


Package natbib Warning: Citation `CrisciMorrone1992a' on page 15 undefined on i
nput line 91.


Package natbib Warning: Citation `Morrone2004c' on page 15 undefined on input l
ine 91.


Package natbib Warning: Citation `Page1987' on page 15 undefined on input line 
91.


Package natbib Warning: Citation `Crawetal1999' on page 15 undefined on input l
ine 96.


Package natbib Warning: Citation `MorroneEspinosa1998' on page 15 undefined on 
input line 96.


Package natbib Warning: Citation `Grehan1993' on page 15 undefined on input lin
e 96.


Package natbib Warning: Citation `Morrone2004c' on page 15 undefined on input l
ine 100.


Package natbib Warning: Citation `Croizat1958' on page 15 undefined on input li
ne 107.


Package natbib Warning: Citation `Croizat1964' on page 15 undefined on input li
ne 107.


Package natbib Warning: Citation `Page1987' on page 15 undefined on input line 
108.


Package natbib Warning: Citation `Craw1989a' on page 15 undefined on input line
 108.


Package natbib Warning: Citation `Rosen1984' on page 15 undefined on input line
 110.


Package natbib Warning: Citation `Crawetal1999' on page 15 undefined on input l
ine 110.


Package natbib Warning: Citation `Luna-vegaetal2000' on page 15 undefined on in
put line 110.


Package natbib Warning: Citation `MorroneMarquez2001' on page 15 undefined on i
nput line 110.


Package natbib Warning: Citation `Morrone2004c' on page 15 undefined on input l
ine 120.


Underfull \vbox (badness 1509) has occurred while \output is active []

 [15]

Package natbib Warning: Citation `Page1987' on page 16 undefined on input line 
136.


Package natbib Warning: Citation `Craw1989a' on page 16 undefined on input line
 155.


Package natbib Warning: Citation `Crawetal1999' on page 16 undefined on input l
ine 157.


Package natbib Warning: Citation `Craw1989a' on page 16 undefined on input line
 158.


Package natbib Warning: Citation `Grehan2001c' on page 16 undefined on input li
ne 158.


Package natbib Warning: Citation `Morrone2004c' on page 16 undefined on input l
ine 158.

[16]

Package natbib Warning: Citation `Crawetal1999' on page 17 undefined on input l
ine 179.


Package natbib Warning: Citation `Luna-vegaetal2000' on page 17 undefined on in
put line 179.


Package natbib Warning: Citation `MorroneMarquez2001' on page 17 undefined on i
nput line 179.


Package natbib Warning: Citation `Morrone2004c' on page 17 undefined on input l
ine 179.


Package natbib Warning: Citation `Morrone2004c' on page 17 undefined on input l
ine 180.


Package natbib Warning: Citation `Croizat1958' on page 17 undefined on input li
ne 192.


Package natbib Warning: Citation `Croizat1964' on page 17 undefined on input li
ne 192.


Package natbib Warning: Citation `Page1987' on page 17 undefined on input line 
194.


Package natbib Warning: Citation `Henderson1989' on page 17 undefined on input 
line 195.


Package natbib Warning: Citation `Craw1989a' on page 17 undefined on input line
 196.


Package natbib Warning: Citation `Page1987' on page 17 undefined on input line 
199.


Package natbib Warning: Citation `Henderson1989' on page 17 undefined on input 
line 199.


Package natbib Warning: Citation `Craw1989b' on page 17 undefined on input line
 199.


Package natbib Warning: Citation `Page1987' on page 17 undefined on input line 
200.


Package natbib Warning: Citation `Craw1989a' on page 17 undefined on input line
 203.


Package natbib Warning: Citation `Meacham1984' on page 17 undefined on input li
ne 205.


Package natbib Warning: Citation `Crawetal1999' on page 17 undefined on input l
ine 206.


Package natbib Warning: Citation `MorroneCrisci1995' on page 17 undefined on in
put line 208.


Underfull \vbox (badness 1509) has occurred while \output is active []

 [17]

Package natbib Warning: Citation `Page1987' on page 18 undefined on input line 
215.


Package natbib Warning: Citation `Craw1989a' on page 18 undefined on input line
 215.


Package natbib Warning: Citation `Henderson1989' on page 18 undefined on input 
line 215.


Package natbib Warning: Citation `Cavalcanti2009b' on page 18 undefined on inpu
t line 218.


Package natbib Warning: Citation `Crawetal1999' on page 18 undefined on input l
ine 222.


Package natbib Warning: Citation `Luna-vegaetal2000' on page 18 undefined on in
put line 222.


Package natbib Warning: Citation `MorroneMarquez2001' on page 18 undefined on i
nput line 222.


Package natbib Warning: Citation `Morrone2004c' on page 18 undefined on input l
ine 222.


Package natbib Warning: Citation `Humphries2000' on page 18 undefined on input 
line 223.


Package natbib Warning: Citation `Garcia-Barros2002' on page 18 undefined on in
put line 223.


Package natbib Warning: Citation `Luna-vegaetal2000' on page 18 undefined on in
put line 226.


Package natbib Warning: Citation `MorroneMarquez2001' on page 18 undefined on i
nput line 226.


Package natbib Warning: Citation `Huidobroetal2006' on page 18 undefined on inp
ut line 226.


Package natbib Warning: Citation `Mihocetal2006' on page 18 undefined on input 
line 226.


Package natbib Warning: Citation `Espinosa-Perezetal2009' on page 18 undefined 
on input line 226.


Package natbib Warning: Citation `Contreras-Medinaetal2007' on page 18 undefine
d on input line 226.


Package natbib Warning: Citation `Franco-Rosselli2001' on page 18 undefined on 
input line 235.


Package natbib Warning: Citation `Liria2008' on page 18 undefined on input line
 235.


Package natbib Warning: Citation `Crawetal1999' on page 18 undefined on input l
ine 242.

[18]

Package natbib Warning: Citation `Crisci2001' on page 19 undefined on input lin
e 245.

) [19] [20

] (./pgtrack.tex [21]

LaTeX Warning: Marginpar on page 22 moved.


LaTeX Warning: Marginpar on page 22 moved.


Package hyperref Warning: The anchor of a bookmark and its parent's must not
(hyperref)                be the same. Added a new anchor on input line 137.


Overfull \hbox (4.7074pt too wide) in paragraph at lines 147--148
[]\T1/pplj/m/n/10 and the data sets at [][]$\T1/cmtt/m/n/10 http : / / tux . ui
s . edu . co / labsist / marttracks / 
 []


Overfull \hbox (6.54pt too wide) in paragraph at lines 152--152
[][]  
 []

[22]

LaTeX Warning: Marginpar on page 23 moved.

LaTeX Font Info:    Font shape `T1/pplj/bx/n' in size <12> not available
(Font)              Font shape `T1/pplj/b/n' tried instead on input line 189.
<./graphics/input-file.png, id=180, 791.95876pt x 375.4025pt>
File: ./graphics/input-file.png Graphic file (type png)

<use ./graphics/input-file.png>
Underfull \vbox (badness 10000) has occurred while \output is active []

 [23]
<./graphics/text-interface.png, id=191, 895.345pt x 573.14125pt>
File: ./graphics/text-interface.png Graphic file (type png)

<use ./graphics/text-interface.png> [24 <./graphics/input-file.png> <./graphics
/text-interface.png>]
Overfull \hbox (17.98755pt too wide) in paragraph at lines 224--225
[][]  
 []

) [25] [26

] (./example1.tex

Package hyperref Warning: The anchor of a bookmark and its parent's must not
(hyperref)                be the same. Added a new anchor on input line 22.


Underfull \vbox (badness 2310) has occurred while \output is active []

 [27]
Overfull \hbox (17.98755pt too wide) in paragraph at lines 91--92
[][]  
 []


Overfull \hbox (25.215pt too wide) in paragraph at lines 103--104
[][]  
 []


Overfull \hbox (25.215pt too wide) in paragraph at lines 108--109
[][]  
 []


Overfull \hbox (14.58984pt too wide) in paragraph at lines 116--117
[]\T1/pplj/b/n/10 parameters file: \T1/pplj/m/n/10 This in-ter-face was de-sign
ed for pa-ram-e-ters/searching 
 []

[28] [29]
Overfull \hbox (17.98755pt too wide) in paragraph at lines 172--173
[][]  
 []


Overfull \hbox (17.98755pt too wide) in paragraph at lines 177--178
[][]  
 []


Overfull \hbox (25.215pt too wide) in paragraph at lines 182--183
[][]  
 []


Overfull \hbox (25.215pt too wide) in paragraph at lines 187--188
[][]  
 []

<./graphics/mst.png, id=226, 774.64406pt x 416.30531pt>
File: ./graphics/mst.png Graphic file (type png)

<use ./graphics/mst.png>
LaTeX Font Info:    Font shape `T1/pplj/bx/n' in size <8> not available
(Font)              Font shape `T1/pplj/b/n' tried instead on input line 201.

<./graphics/gtrack.png, id=227, 774.64406pt x 416.30531pt>
File: ./graphics/gtrack.png Graphic file (type png)

<use ./graphics/gtrack.png>) [30 <./graphics/mst.png (PNG copy)>] [31 <./graphi
cs/gtrack.png (PNG copy)>] [32

] (./commands.tex

Package hyperref Warning: The anchor of a bookmark and its parent's must not
(hyperref)                be the same. Added a new anchor on input line 4.

[33]) [34] (./martitracks-manual-1.bbl [35


] [36]
Underfull \hbox (badness 3826) in paragraph at lines 135--147
\T1/pplj/m/n/10 4642.2000.00079.x/abs http://www.blackwell- 
 []

[37] [38]) (./martitracks-manual-1.ind [39] [40

]) [41]

Package natbib Warning: There were undefined citations.

(./martitracks-manual-1.aux

Package natbib Warning: Citation(s) may have changed.
(natbib)                Rerun to get citations correct.

) ) 
Here is how much of TeX's memory you used:
 8731 strings out of 495061
 124861 string characters out of 1182621
 313027 words of memory out of 3000000
 11504 multiletter control sequences out of 15000+50000
 92448 words of font info for 126 fonts, out of 3000000 for 9000
 31 hyphenation exceptions out of 8191
 52i,12n,47p,511b,524s stack positions out of 5000i,500n,10000p,200000b,50000s
{/usr/share/texmf-texlive/fonts/enc/dvips/base/8r.enc} </home/rafael/.texmf-
var/fonts/pk/ljfour/jknappen/ec/ectt1200.600pk> </home/rafael/.texmf-var/fonts/
pk/ljfour/jknappen/ec/ectt0800.600pk> </home/rafael/.texmf-var/fonts/pk/ljfour/
jknappen/ec/ectt1000.600pk> </home/rafael/.texmf-var/fonts/pk/ljfour/jknappen/e
c/ectc1000.600pk></usr/share/texmf-texlive/fonts/type1/public/amsfonts/cm/cmmi1
0.pfb></usr/share/texmf-texlive/fonts/type1/public/fpl/fplbj8a.pfb></usr/share/
texmf-texlive/fonts/type1/public/fpl/fplrc8a.pfb></usr/share/texmf-texlive/font
s/type1/public/fpl/fplrij8a.pfb></usr/share/texmf-texlive/fonts/type1/urw/helve
tic/uhvr8a.pfb></usr/share/texmf-texlive/fonts/type1/urw/palatino/uplb8a.pfb></
usr/share/texmf-texlive/fonts/type1/urw/palatino/uplr8a.pfb></usr/share/texmf-t
exlive/fonts/type1/urw/palatino/uplri8a.pfb>
Output written on martitracks-manual-1.pdf (41 pages, 268110 bytes).
PDF statistics:
 497 PDF objects out of 1000 (max. 8388607)
 95 named destinations out of 1000 (max. 500000)
 117 words of extra memory for PDF output out of 10000 (max. 10000000)

